2026-02-22 02:36:12.066 | INFO     | app.main:startup_event:28 - AssetLife API started
2026-02-22 02:37:30.610 | INFO     | app.main:startup_event:28 - AssetLife API started
2026-02-22 02:38:35.298 | INFO     | app.main:startup_event:28 - AssetLife API started
2026-02-22 02:39:45.120 | INFO     | app.main:startup_event:28 - AssetLife API started
2026-02-22 02:39:53.689 | INFO     | app.main:startup_event:28 - AssetLife API started
2026-02-22 03:12:09.364 | INFO     | app.main:startup_event:28 - AssetLife API started
2026-02-22 03:12:24.612 | INFO     | app.main:startup_event:28 - AssetLife API started
2026-02-22 03:23:53.636 | INFO     | app.main:startup_event:28 - AssetLife API started
2026-02-22 03:24:39.198 | INFO     | app.main:startup_event:28 - AssetLife API started
2026-02-22 03:26:54.198 | INFO     | app.main:startup_event:28 - AssetLife API started
2026-02-22 03:29:01.520 | INFO     | app.main:startup_event:28 - AssetLife API started
2026-02-22 03:29:05.448 | INFO     | app.main:startup_event:28 - AssetLife API started
{"timestamp": "2026-02-21T22:46:42.700197+00:00", "level": "INFO", "logger": "assetlife", "message": "AssetLife API started"}
{"timestamp": "2026-02-21T22:48:52.476108+00:00", "level": "INFO", "logger": "assetlife", "message": "AssetLife API stopped"}
{"timestamp": "2026-02-21T22:48:52.711008+00:00", "level": "INFO", "logger": "assetlife", "message": "AssetLife API started"}
{"timestamp": "2026-02-21T22:48:54.430932+00:00", "level": "INFO", "logger": "assetlife", "message": "AssetLife API stopped"}
{"timestamp": "2026-02-21T22:48:54.667910+00:00", "level": "INFO", "logger": "assetlife", "message": "AssetLife API started"}
{"timestamp": "2026-02-21T22:48:55.375136+00:00", "level": "INFO", "logger": "assetlife", "message": "AssetLife API stopped"}
{"timestamp": "2026-02-21T22:48:55.611965+00:00", "level": "INFO", "logger": "assetlife", "message": "AssetLife API started"}
{"timestamp": "2026-02-21T22:48:56.825852+00:00", "level": "INFO", "logger": "assetlife", "message": "AssetLife API stopped"}
{"timestamp": "2026-02-21T22:48:57.058748+00:00", "level": "INFO", "logger": "assetlife", "message": "AssetLife API started"}
{"timestamp": "2026-02-21T22:48:57.764862+00:00", "level": "INFO", "logger": "assetlife", "message": "AssetLife API stopped"}
{"timestamp": "2026-02-21T22:48:58.001971+00:00", "level": "INFO", "logger": "assetlife", "message": "AssetLife API started"}
{"timestamp": "2026-02-21T22:49:03.362289+00:00", "level": "INFO", "logger": "assetlife", "message": "AssetLife API stopped"}
{"timestamp": "2026-02-21T22:49:07.423017+00:00", "level": "INFO", "logger": "assetlife", "message": "AssetLife API started"}
{"timestamp": "2026-02-21T22:59:58.322584+00:00", "level": "INFO", "logger": "assetlife", "message": "AssetLife API stopped"}
{"timestamp": "2026-02-21T22:59:58.602666+00:00", "level": "INFO", "logger": "assetlife", "message": "AssetLife API started"}
{"timestamp": "2026-02-21T23:00:02.039241+00:00", "level": "INFO", "logger": "assetlife", "message": "AssetLife API stopped"}
{"timestamp": "2026-02-21T23:00:02.277971+00:00", "level": "INFO", "logger": "assetlife", "message": "AssetLife API started"}
{"timestamp": "2026-02-21T23:00:30.272027+00:00", "level": "INFO", "logger": "assetlife", "message": "AssetLife API stopped"}
{"timestamp": "2026-02-21T23:00:32.624720+00:00", "level": "INFO", "logger": "assetlife", "message": "AssetLife API started"}
{"timestamp": "2026-02-21T23:01:28.236058+00:00", "level": "INFO", "logger": "assetlife", "message": "Individual user registered"}
{"timestamp": "2026-02-21T23:02:34.874276+00:00", "level": "INFO", "logger": "assetlife", "message": "OTP generated for individual login"}
{"timestamp": "2026-02-21T23:03:56.214648+00:00", "level": "INFO", "logger": "assetlife", "message": "Individual OTP verified"}
{"timestamp": "2026-02-21T23:08:26.676793+00:00", "level": "INFO", "logger": "assetlife", "message": "AssetLife API stopped"}
{"timestamp": "2026-02-21T23:08:26.921716+00:00", "level": "INFO", "logger": "assetlife", "message": "AssetLife API started"}
{"timestamp": "2026-02-22T06:12:34.783355+00:00", "level": "INFO", "logger": "assetlife", "message": "AssetLife API stopped"}
{"timestamp": "2026-02-22T06:12:38.136567+00:00", "level": "INFO", "logger": "assetlife", "message": "AssetLife API started"}
{"timestamp": "2026-02-22T06:13:08.866933+00:00", "level": "INFO", "logger": "assetlife", "message": "AssetLife API stopped"}
{"timestamp": "2026-02-22T06:14:47.219962+00:00", "level": "INFO", "logger": "assetlife", "message": "AssetLife API started"}
{"timestamp": "2026-02-22T06:18:31.148948+00:00", "level": "INFO", "logger": "assetlife", "message": "AssetLife API stopped"}
{"timestamp": "2026-02-22T06:18:31.382405+00:00", "level": "INFO", "logger": "assetlife", "message": "AssetLife API started"}
{"timestamp": "2026-02-22T06:18:34.415386+00:00", "level": "INFO", "logger": "assetlife", "message": "AssetLife API stopped"}
{"timestamp": "2026-02-22T06:18:34.660324+00:00", "level": "INFO", "logger": "assetlife", "message": "AssetLife API started"}
{"timestamp": "2026-02-22T06:21:19.424532+00:00", "level": "INFO", "logger": "assetlife", "message": "Individual user registered"}
{"timestamp": "2026-02-22T06:21:47.391072+00:00", "level": "INFO", "logger": "assetlife", "message": "OTP generated for individual login"}
{"timestamp": "2026-02-22T06:22:09.551123+00:00", "level": "INFO", "logger": "assetlife", "message": "Individual OTP verified"}
{"timestamp": "2026-02-22T06:24:35.991095+00:00", "level": "INFO", "logger": "assetlife", "message": "OTP generated for individual login"}
{"timestamp": "2026-02-22T06:24:46.812043+00:00", "level": "INFO", "logger": "assetlife", "message": "Individual OTP verified"}
{"timestamp": "2026-02-22T06:28:52.109134+00:00", "level": "INFO", "logger": "assetlife", "message": "AssetLife API stopped"}
{"timestamp": "2026-02-22T06:28:52.350969+00:00", "level": "INFO", "logger": "assetlife", "message": "AssetLife API started"}
{"timestamp": "2026-02-22T06:28:58.618647+00:00", "level": "INFO", "logger": "assetlife", "message": "AssetLife API stopped"}
{"timestamp": "2026-02-22T06:28:58.870120+00:00", "level": "INFO", "logger": "assetlife", "message": "AssetLife API started"}
{"timestamp": "2026-02-22T06:33:57.036550+00:00", "level": "INFO", "logger": "assetlife", "message": "AssetLife API stopped"}
{"timestamp": "2026-02-22T06:33:57.275633+00:00", "level": "INFO", "logger": "assetlife", "message": "AssetLife API started"}
{"timestamp": "2026-02-22T06:35:28.916778+00:00", "level": "INFO", "logger": "assetlife", "message": "OTP generated for individual login"}
{"timestamp": "2026-02-22T06:35:53.859077+00:00", "level": "INFO", "logger": "assetlife", "message": "Individual OTP verified"}
{"timestamp": "2026-02-22T06:40:10.022466+00:00", "level": "INFO", "logger": "assetlife", "message": "AssetLife API stopped"}
{"timestamp": "2026-02-22T06:40:10.269445+00:00", "level": "INFO", "logger": "assetlife", "message": "AssetLife API started"}
{"timestamp": "2026-02-22T06:41:27.591157+00:00", "level": "INFO", "logger": "assetlife", "message": "AssetLife API stopped"}
{"timestamp": "2026-02-22T06:41:27.833919+00:00", "level": "INFO", "logger": "assetlife", "message": "AssetLife API started"}
{"timestamp": "2026-02-22T06:41:52.300306+00:00", "level": "INFO", "logger": "assetlife", "message": "AssetLife API stopped"}
{"timestamp": "2026-02-22T06:41:52.552725+00:00", "level": "INFO", "logger": "assetlife", "message": "AssetLife API started"}
{"timestamp": "2026-02-22T06:42:10.951754+00:00", "level": "INFO", "logger": "assetlife", "message": "AssetLife API stopped"}
{"timestamp": "2026-02-22T06:42:13.191762+00:00", "level": "INFO", "logger": "assetlife", "message": "AssetLife API started"}
{"timestamp": "2026-02-22T07:45:23.869090+00:00", "level": "INFO", "logger": "assetlife", "message": "AssetLife API stopped"}
{"timestamp": "2026-02-22T07:45:24.243826+00:00", "level": "INFO", "logger": "assetlife", "message": "AssetLife API started"}
{"timestamp": "2026-02-22T07:45:49.201329+00:00", "level": "INFO", "logger": "assetlife", "message": "AssetLife API stopped"}
{"timestamp": "2026-02-22T07:45:49.512566+00:00", "level": "INFO", "logger": "assetlife", "message": "AssetLife API started"}
{"timestamp": "2026-02-22T07:54:34.234736+00:00", "level": "INFO", "logger": "assetlife", "message": "OTP generated for individual login"}
{"timestamp": "2026-02-22T07:54:42.212286+00:00", "level": "INFO", "logger": "assetlife", "message": "Individual OTP verified"}
{"timestamp": "2026-02-22T07:55:04.537992+00:00", "level": "INFO", "logger": "assetlife", "message": "Individual user registered"}
{"timestamp": "2026-02-22T07:55:04.562627+00:00", "level": "INFO", "logger": "assetlife", "message": "OTP generated for individual login"}
{"timestamp": "2026-02-22T07:55:12.724965+00:00", "level": "INFO", "logger": "assetlife", "message": "Individual OTP verified"}
{"timestamp": "2026-02-22T07:55:24.415243+00:00", "level": "INFO", "logger": "assetlife", "message": "OTP generated for individual login"}
{"timestamp": "2026-02-22T07:55:32.272158+00:00", "level": "INFO", "logger": "assetlife", "message": "Individual OTP verified"}
{"timestamp": "2026-03-10T16:00:40.353330+00:00", "level": "INFO", "logger": "assetlife", "message": "AssetLife API started"}
{"timestamp": "2026-03-10T16:27:45.053069+00:00", "level": "INFO", "logger": "assetlife", "message": "Individual user registered"}
{"timestamp": "2026-03-10T16:27:45.085831+00:00", "level": "INFO", "logger": "assetlife", "message": "OTP generated for individual login"}
{"timestamp": "2026-03-10T16:28:25.964594+00:00", "level": "INFO", "logger": "assetlife", "message": "OTP generated for individual login"}
{"timestamp": "2026-03-10T16:35:25.524089+00:00", "level": "INFO", "logger": "assetlife", "message": "Individual user registered"}
{"timestamp": "2026-03-10T16:35:25.540820+00:00", "level": "INFO", "logger": "assetlife", "message": "OTP generated for individual login"}
{"timestamp": "2026-03-10T16:38:36.276965+00:00", "level": "INFO", "logger": "assetlife", "message": "AssetLife API stopped"}
{"timestamp": "2026-03-10T16:38:39.431358+00:00", "level": "INFO", "logger": "assetlife", "message": "AssetLife API started"}
{"timestamp": "2026-03-10T16:39:09.265491+00:00", "level": "INFO", "logger": "assetlife", "message": "Individual user registered"}
{"timestamp": "2026-03-10T16:39:09.295684+00:00", "level": "INFO", "logger": "assetlife", "message": "OTP generated for individual login"}
{"timestamp": "2026-03-10T16:56:21.103307+00:00", "level": "INFO", "logger": "assetlife", "message": "AssetLife API stopped"}
{"timestamp": "2026-03-10T16:56:21.434397+00:00", "level": "INFO", "logger": "assetlife", "message": "AssetLife API started"}
{"timestamp": "2026-03-10T16:56:38.925876+00:00", "level": "INFO", "logger": "assetlife", "message": "AssetLife API stopped"}
{"timestamp": "2026-03-10T16:56:39.220605+00:00", "level": "INFO", "logger": "assetlife", "message": "AssetLife API started"}
{"timestamp": "2026-03-10T16:57:16.871384+00:00", "level": "INFO", "logger": "assetlife", "message": "Individual user registered"}
{"timestamp": "2026-03-10T16:57:16.909203+00:00", "level": "INFO", "logger": "assetlife", "message": "OTP generated for individual login"}
{"timestamp": "2026-03-10T16:57:32.437796+00:00", "level": "INFO", "logger": "assetlife", "message": "Individual OTP verified"}
{"timestamp": "2026-03-10T16:57:44.020344+00:00", "level": "INFO", "logger": "assetlife", "message": "OTP generated for individual login"}
{"timestamp": "2026-03-10T16:57:53.579778+00:00", "level": "INFO", "logger": "assetlife", "message": "Individual OTP verified"}
{"timestamp": "2026-03-10T16:58:00.051396+00:00", "level": "INFO", "logger": "assetlife", "message": "OTP generated for individual login"}
{"timestamp": "2026-03-10T16:58:15.943388+00:00", "level": "INFO", "logger": "assetlife", "message": "AssetLife API stopped"}
{"timestamp": "2026-03-10T16:58:16.220842+00:00", "level": "INFO", "logger": "assetlife", "message": "AssetLife API started"}
{"timestamp": "2026-03-10T17:40:24.720709+00:00", "level": "INFO", "logger": "assetlife", "message": "AssetLife API stopped"}
{"timestamp": "2026-03-10T17:40:25.116071+00:00", "level": "INFO", "logger": "assetlife", "message": "AssetLife API started"}
{"timestamp": "2026-03-10T17:42:52.775839+00:00", "level": "INFO", "logger": "assetlife", "message": "AssetLife API stopped"}
{"timestamp": "2026-03-10T17:42:53.091792+00:00", "level": "INFO", "logger": "assetlife", "message": "AssetLife API started"}
{"timestamp": "2026-03-10T17:43:35.542604+00:00", "level": "INFO", "logger": "assetlife", "message": "Individual user registered"}
{"timestamp": "2026-03-10T17:43:35.562269+00:00", "level": "INFO", "logger": "assetlife", "message": "OTP generated for individual login"}
{"timestamp": "2026-03-10T17:44:03.860675+00:00", "level": "INFO", "logger": "assetlife", "message": "Individual OTP verified"}
{"timestamp": "2026-03-10T17:44:16.050372+00:00", "level": "INFO", "logger": "assetlife", "message": "OTP generated for individual login"}
{"timestamp": "2026-03-10T17:44:39.796401+00:00", "level": "INFO", "logger": "assetlife", "message": "Individual OTP verified"}
{"timestamp": "2026-03-10T18:23:12.951324+00:00", "level": "INFO", "logger": "assetlife", "message": "OTP generated for individual login"}
{"timestamp": "2026-03-10T18:23:32.108476+00:00", "level": "INFO", "logger": "assetlife", "message": "OTP generated for individual login"}
{"timestamp": "2026-03-10T18:23:41.200864+00:00", "level": "INFO", "logger": "assetlife", "message": "Individual OTP verified"}
{"timestamp": "2026-03-10T18:51:58.302028+00:00", "level": "INFO", "logger": "assetlife", "message": "OTP generated for individual login"}
{"timestamp": "2026-03-10T18:52:09.146879+00:00", "level": "INFO", "logger": "assetlife", "message": "Individual OTP verified"}
{"timestamp": "2026-03-10T19:06:22.594913+00:00", "level": "INFO", "logger": "assetlife", "message": "OTP generated for individual login"}
{"timestamp": "2026-03-10T19:06:30.241590+00:00", "level": "INFO", "logger": "assetlife", "message": "Individual OTP verified"}
{"timestamp": "2026-03-10T19:10:57.448106+00:00", "level": "INFO", "logger": "assetlife", "message": "OTP generated for individual login"}
{"timestamp": "2026-03-10T19:11:11.945040+00:00", "level": "INFO", "logger": "assetlife", "message": "Individual OTP verified"}
{"timestamp": "2026-03-10T19:14:03.765007+00:00", "level": "INFO", "logger": "assetlife", "message": "AssetLife API stopped"}
{"timestamp": "2026-03-10T19:21:20.927110+00:00", "level": "INFO", "logger": "assetlife", "message": "AssetLife API started"}
{"timestamp": "2026-03-10T19:22:14.727811+00:00", "level": "INFO", "logger": "assetlife", "message": "OTP generated for individual login"}
{"timestamp": "2026-03-10T19:22:27.300635+00:00", "level": "INFO", "logger": "assetlife", "message": "Individual OTP verified"}
{"timestamp": "2026-03-10T19:25:11.810107+00:00", "level": "INFO", "logger": "assetlife", "message": "OTP generated for individual login"}
{"timestamp": "2026-03-10T19:25:48.704877+00:00", "level": "INFO", "logger": "assetlife", "message": "OTP generated for individual login"}
{"timestamp": "2026-03-10T19:26:19.962872+00:00", "level": "INFO", "logger": "assetlife", "message": "Individual OTP verified"}
{"timestamp": "2026-03-10T19:35:02.057519+00:00", "level": "INFO", "logger": "assetlife", "message": "AssetLife API stopped"}
{"timestamp": "2026-03-10T19:35:02.466790+00:00", "level": "INFO", "logger": "assetlife", "message": "AssetLife API started"}
{"timestamp": "2026-03-10T19:35:08.018751+00:00", "level": "INFO", "logger": "assetlife", "message": "AssetLife API stopped"}
{"timestamp": "2026-03-10T19:35:08.403698+00:00", "level": "INFO", "logger": "assetlife", "message": "AssetLife API started"}
{"timestamp": "2026-03-10T19:35:15.676187+00:00", "level": "INFO", "logger": "assetlife", "message": "AssetLife API stopped"}
{"timestamp": "2026-03-10T19:35:15.934931+00:00", "level": "INFO", "logger": "assetlife", "message": "AssetLife API started"}
{"timestamp": "2026-03-10T19:35:21.811315+00:00", "level": "INFO", "logger": "assetlife", "message": "AssetLife API stopped"}
{"timestamp": "2026-03-10T19:35:22.067241+00:00", "level": "INFO", "logger": "assetlife", "message": "AssetLife API started"}
{"timestamp": "2026-03-10T19:35:57.247504+00:00", "level": "INFO", "logger": "assetlife", "message": "AssetLife API stopped"}
{"timestamp": "2026-03-10T19:35:57.482379+00:00", "level": "INFO", "logger": "assetlife", "message": "AssetLife API started"}
{"timestamp": "2026-03-10T19:36:11.131382+00:00", "level": "INFO", "logger": "assetlife", "message": "OTP generated for individual login"}
{"timestamp": "2026-03-10T19:36:22.518415+00:00", "level": "INFO", "logger": "assetlife", "message": "Individual OTP verified"}
{"timestamp": "2026-03-10T19:36:29.013791+00:00", "level": "INFO", "logger": "assetlife", "message": "OTP generated for individual login"}
{"timestamp": "2026-03-10T19:37:13.251013+00:00", "level": "INFO", "logger": "assetlife", "message": "OTP generated for individual login"}
{"timestamp": "2026-03-10T19:37:22.474848+00:00", "level": "INFO", "logger": "assetlife", "message": "Individual OTP verified"}
